2026-02-24T18:53:09.745912-0800 INFO IcListenMetadataGenerator 20220101 Generating metadata for 2022-01-01 00:00:00 to 2022-01-01 00:00:00...
2026-02-24T18:53:09.746384-0800 INFO IcListenMetadataGenerator 20220101 Searching in s3://pacific-sound-256khz/ for wav or flac files that match the search patterns 01/MARS* ...
2026-02-24T18:53:09.802710-0800 INFO IcListenMetadataGenerator 20220101 Searching in bucket: pacific-sound-256khz-2021 prefixes: ['01/MARS']
2026-02-24T18:53:09.927969-0800 INFO IcListenMetadataGenerator 20220101  No data found in pacific-sound-256khz-2021
2026-02-24T18:53:09.928198-0800 INFO IcListenMetadataGenerator 20220101 Searching in bucket: pacific-sound-256khz-2022 prefixes: ['01/MARS']
2026-02-24T18:53:10.045105-0800 INFO IcListenMetadataGenerator 20220101  No data found in pacific-sound-256khz-2022
2026-02-24T18:53:10.045299-0800 INFO IcListenMetadataGenerator 20220101 Searching in bucket: pacific-sound-256khz-2022 prefixes: ['01/MARS']
2026-02-24T18:53:10.078340-0800 INFO IcListenMetadataGenerator 20220101  No data found in pacific-sound-256khz-2022
2026-02-24T18:53:10.078517-0800 INFO IcListenMetadataGenerator 20220101 Searching in bucket: pacific-sound-256khz-2022 prefixes: ['01/MARS']
2026-02-24T18:53:10.113266-0800 INFO IcListenMetadataGenerator 20220101  No data found in pacific-sound-256khz-2022
2026-02-24T18:53:10.113442-0800 INFO IcListenMetadataGenerator 20220101 Searching in bucket: pacific-sound-256khz-2022 prefixes: ['01/MARS']
2026-02-24T18:53:10.147426-0800 INFO IcListenMetadataGenerator 20220101  No data found in pacific-sound-256khz-2022
2026-02-24T18:53:10.147596-0800 INFO IcListenMetadataGenerator 20220101 Searching in bucket: pacific-sound-256khz-2022 prefixes: ['01/MARS']
2026-02-24T18:53:10.180049-0800 INFO IcListenMetadataGenerator 20220101  No data found in pacific-sound-256khz-2022
2026-02-24T18:53:10.180231-0800 INFO IcListenMetadataGenerator 20220101 Searching in bucket: pacific-sound-256khz-2022 prefixes: ['01/MARS']
2026-02-24T18:53:10.213012-0800 INFO IcListenMetadataGenerator 20220101  No data found in pacific-sound-256khz-2022
2026-02-24T18:53:10.213209-0800 INFO IcListenMetadataGenerator 20220101 Searching in bucket: pacific-sound-256khz-2022 prefixes: ['01/MARS']
2026-02-24T18:53:10.247758-0800 INFO IcListenMetadataGenerator 20220101  No data found in pacific-sound-256khz-2022
2026-02-24T18:53:10.247974-0800 INFO IcListenMetadataGenerator 20220101 Searching in bucket: pacific-sound-256khz-2022 prefixes: ['01/MARS']
2026-02-24T18:53:10.281181-0800 INFO IcListenMetadataGenerator 20220101  No data found in pacific-sound-256khz-2022
2026-02-24T18:53:10.281367-0800 INFO IcListenMetadataGenerator 20220101 Searching in bucket: pacific-sound-256khz-2022 prefixes: ['01/MARS']
2026-02-24T18:53:10.316147-0800 INFO IcListenMetadataGenerator 20220101  No data found in pacific-sound-256khz-2022
2026-02-24T18:53:10.316336-0800 INFO IcListenMetadataGenerator 20220101 Searching in bucket: pacific-sound-256khz-2022 prefixes: ['01/MARS']
2026-02-24T18:53:10.350350-0800 INFO IcListenMetadataGenerator 20220101  No data found in pacific-sound-256khz-2022
2026-02-24T18:53:10.350597-0800 INFO IcListenMetadataGenerator 20220101 Searching in bucket: pacific-sound-256khz-2022 prefixes: ['01/MARS']
2026-02-24T18:53:10.385617-0800 INFO IcListenMetadataGenerator 20220101  No data found in pacific-sound-256khz-2022
2026-02-24T18:53:10.385834-0800 INFO IcListenMetadataGenerator 20220101 Searching in bucket: pacific-sound-256khz-2022 prefixes: ['01/MARS']
2026-02-24T18:53:10.419375-0800 INFO IcListenMetadataGenerator 20220101  No data found in pacific-sound-256khz-2022
2026-02-24T18:53:10.419554-0800 INFO IcListenMetadataGenerator 20220101 Searching in bucket: pacific-sound-256khz-2022 prefixes: ['01/MARS']
2026-02-24T18:53:10.454413-0800 INFO IcListenMetadataGenerator 20220101  No data found in pacific-sound-256khz-2022
2026-02-24T18:53:10.454601-0800 INFO IcListenMetadataGenerator 20220101 Searching in bucket: pacific-sound-256khz-2022 prefixes: ['01/MARS']
2026-02-24T18:53:10.487407-0800 INFO IcListenMetadataGenerator 20220101  No data found in pacific-sound-256khz-2022
2026-02-24T18:53:10.487586-0800 INFO IcListenMetadataGenerator 20220101 Searching in bucket: pacific-sound-256khz-2022 prefixes: ['01/MARS']
2026-02-24T18:53:10.520781-0800 INFO IcListenMetadataGenerator 20220101  No data found in pacific-sound-256khz-2022
2026-02-24T18:53:10.520983-0800 INFO IcListenMetadataGenerator 20220101 Searching in bucket: pacific-sound-256khz-2022 prefixes: ['01/MARS']
2026-02-24T18:53:10.553434-0800 INFO IcListenMetadataGenerator 20220101  No data found in pacific-sound-256khz-2022
2026-02-24T18:53:10.553624-0800 INFO IcListenMetadataGenerator 20220101 Searching in bucket: pacific-sound-256khz-2022 prefixes: ['01/MARS']
2026-02-24T18:53:10.587505-0800 INFO IcListenMetadataGenerator 20220101  No data found in pacific-sound-256khz-2022
2026-02-24T18:53:10.587719-0800 INFO IcListenMetadataGenerator 20220101 Searching in bucket: pacific-sound-256khz-2022 prefixes: ['01/MARS']
2026-02-24T18:53:10.621472-0800 INFO IcListenMetadataGenerator 20220101  No data found in pacific-sound-256khz-2022
2026-02-24T18:53:10.621643-0800 INFO IcListenMetadataGenerator 20220101 Searching in bucket: pacific-sound-256khz-2022 prefixes: ['01/MARS']
2026-02-24T18:53:10.654443-0800 INFO IcListenMetadataGenerator 20220101  No data found in pacific-sound-256khz-2022
2026-02-24T18:53:10.654612-0800 INFO IcListenMetadataGenerator 20220101 Searching in bucket: pacific-sound-256khz-2022 prefixes: ['01/MARS']
2026-02-24T18:53:10.689303-0800 INFO IcListenMetadataGenerator 20220101  No data found in pacific-sound-256khz-2022
2026-02-24T18:53:10.689471-0800 INFO IcListenMetadataGenerator 20220101 Searching in bucket: pacific-sound-256khz-2022 prefixes: ['01/MARS']
2026-02-24T18:53:10.723273-0800 INFO IcListenMetadataGenerator 20220101  No data found in pacific-sound-256khz-2022
2026-02-24T18:53:10.723469-0800 INFO IcListenMetadataGenerator 20220101 Searching in bucket: pacific-sound-256khz-2022 prefixes: ['01/MARS']
2026-02-24T18:53:10.758109-0800 INFO IcListenMetadataGenerator 20220101  No data found in pacific-sound-256khz-2022
2026-02-24T18:53:10.758295-0800 INFO IcListenMetadataGenerator 20220101 Searching in bucket: pacific-sound-256khz-2022 prefixes: ['01/MARS']
2026-02-24T18:53:10.791795-0800 INFO IcListenMetadataGenerator 20220101  No data found in pacific-sound-256khz-2022
2026-02-24T18:53:10.791996-0800 INFO IcListenMetadataGenerator 20220101 Searching in bucket: pacific-sound-256khz-2022 prefixes: ['01/MARS']
2026-02-24T18:53:10.827778-0800 INFO IcListenMetadataGenerator 20220101  No data found in pacific-sound-256khz-2022
2026-02-24T18:53:10.827978-0800 INFO IcListenMetadataGenerator 20220101 Searching in bucket: pacific-sound-256khz-2022 prefixes: ['01/MARS']
2026-02-24T18:53:10.862519-0800 INFO IcListenMetadataGenerator 20220101  No data found in pacific-sound-256khz-2022
2026-02-24T18:53:10.862670-0800 INFO IcListenMetadataGenerator 20220101  No files found to process that cover the period 2021-12-31 23:00:00 - 2022-01-02 00:00:00
